0 info it worked if it ends with ok
1 verbose cli [ 'C:\\Program Files\\nodejs\\node.exe',
1 verbose cli   'C:\\Program Files\\nodejs\\node_modules\\npm\\bin\\npm-cli.js',
1 verbose cli   'run',
1 verbose cli   'watch-css' ]
2 info using npm@2.14.7
3 info using node@v4.2.2
4 verbose run-script [ 'prewatch-css', 'watch-css', 'postwatch-css' ]
5 info prewatch-css lolsimulator@0.0.1
6 info watch-css lolsimulator@0.0.1
7 verbose unsafe-perm in lifecycle true
8 info lolsimulator@0.0.1 Failed to exec watch-css script
9 verbose stack Error: lolsimulator@0.0.1 watch-css: `nodemon -e scss -x npm run build-css`
9 verbose stack Exit status 1
9 verbose stack     at EventEmitter.<anonymous> (C:\Program Files\nodejs\node_modules\npm\lib\utils\lifecycle.js:214:16)
9 verbose stack     at emitTwo (events.js:87:13)
9 verbose stack     at EventEmitter.emit (events.js:172:7)
9 verbose stack     at ChildProcess.<anonymous> (C:\Program Files\nodejs\node_modules\npm\lib\utils\spawn.js:24:14)
9 verbose stack     at emitTwo (events.js:87:13)
9 verbose stack     at ChildProcess.emit (events.js:172:7)
9 verbose stack     at maybeClose (internal/child_process.js:818:16)
9 verbose stack     at Process.ChildProcess._handle.onexit (internal/child_process.js:211:5)
10 verbose pkgid lolsimulator@0.0.1
11 verbose cwd C:\Users\pirdu\Desktop\LolSimulator\client\css
12 error Windows_NT 10.0.10586
13 error argv "C:\\Program Files\\nodejs\\node.exe" "C:\\Program Files\\nodejs\\node_modules\\npm\\bin\\npm-cli.js" "run" "watch-css"
14 error node v4.2.2
15 error npm  v2.14.7
16 error code ELIFECYCLE
17 error lolsimulator@0.0.1 watch-css: `nodemon -e scss -x npm run build-css`
17 error Exit status 1
18 error Failed at the lolsimulator@0.0.1 watch-css script 'nodemon -e scss -x npm run build-css'.
18 error This is most likely a problem with the lolsimulator package,
18 error not with npm itself.
18 error Tell the author that this fails on your system:
18 error     nodemon -e scss -x npm run build-css
18 error You can get their info via:
18 error     npm owner ls lolsimulator
18 error There is likely additional logging output above.
19 verbose exit [ 1, true ]
